<?xml version="1.0" encoding="UTF-8"?>
<testsuite name="TestSuite" time="27.242" tests="1" errors="0" skipped="0" failures="1">
  <properties>
[...]
</properties>
  <testcase name="loginTest" classname="com.TestCases.TC_loginTest_001" time="27.242">
    <failure message="expected [true] but found [false]" type="java.lang.AssertionError">java.lang.AssertionError: expected [true] but found [false]
	at org.testng.Assert.fail(Assert.java:99)
	at org.testng.Assert.failNotEquals(Assert.java:1037)
	at org.testng.Assert.assertTrue(Assert.java:45)
	at org.testng.Assert.assertTrue(Assert.java:55)
	at com.TestCases.TC_loginTest_001.loginTest(TC_loginTest_001.java:35)
</failure>
    <system-out><![CDATA[ INFO [main] (TC_loginTest_001.java:16)- entered url
 INFO [main] (TC_loginTest_001.java:19)- entered uname
 INFO [main] (TC_loginTest_001.java:22)- entered pswd
School ERP | School Management Software - MyClassboard Login
e7fe59cb-a78d-4184-86a4-44beec35e888
Screenshot taken
]]></system-out>
    <system-err><![CDATA[1638553184211	geckodriver	INFO	Listening on 127.0.0.1:21134
1638553185116	mozrunner::runner	INFO	Running command: "C:\\Program Files\\Mozilla Firefox\\firefox.exe" "--marionette" "-no-remote" "-profile" "C:\\Users\\CHANDR~1\\AppData\\Local\\Temp\\rust_mozprofile0vj7Hw"
1638553187208	Marionette	INFO	Marionette enabled
console.warn: SearchSettings: "get: No settings file exists, new profile?" (new NotFoundError("Could not open the file at C:\\Users\\Chandra Shekar\\AppData\\Local\\Temp\\rust_mozprofile0vj7Hw\\search.json.mozlz4", (void 0)))
1638553193416	Marionette	INFO	Listening on port 65002
1638553193520	RemoteAgent	WARN	TLS certificate errors will be ignored for this session
Dec 03, 2021 11:09:53 PM org.openqa.selenium.remote.ProtocolHandshake createSession
INFO: Detected dialect: W3C
JavaScript error: https://apis.google.com/_/scs/apps-static/_/js/k=oz.gapi.en_US.7Qaqnm_1sO0.O/m=client/rt=j/sv=1/d=1/ed=1/am=AQ/rs=AGLTcCMlhJgy_5nQ_Wt0jHMAZa6UDzBuWQ/cb=gapi.loaded_0, line 211: uncaught exception: [object Object]
]]></system-err>
  </testcase>
</testsuite>